[INFO] Scanning for projects...
[INFO] 
[INFO] ------------------< tech.kayys.wayang:wayang-mcp-gen >------------------
[INFO] Building wayang-mcp-gen 1.0-SNAPSHOT
[INFO]   from pom.xml
[INFO] --------------------------------[ jar ]---------------------------------
[INFO] 
[INFO] --- resources:3.3.1:resources (default-resources) @ wayang-mcp-gen ---
[WARNING] Using platform encoding (UTF-8 actually) to copy filtered resources, i.e. build is platform dependent!
[INFO] Copying 1 resource from src/main/resources to target/classes
[INFO] 
[INFO] --- quarkus:3.8.3:generate-code (default) @ wayang-mcp-gen ---
[INFO] 
[INFO] --- compiler:3.13.0:compile (default-compile) @ wayang-mcp-gen ---
[INFO] Recompiling the module because of changed source code.
[WARNING] File encoding has not been set, using platform encoding UTF-8, i.e. build is platform dependent!
[INFO] Compiling 48 source files with javac [debug release 21] to target/classes
[INFO] Annotation processing is enabled because one or more processors were found
  on the class path. A future release of javac may disable annotation processing
  unless at least one processor is specified by name (-processor), or a search
  path is specified (--processor-path, --processor-module-path), or annotation
  processing is enabled explicitly (-proc:only, -proc:full).
  Use -Xlint:-options to suppress this message.
  Use -proc:none to disable annotation processing.
[INFO] -------------------------------------------------------------
[ERROR] COMPILATION ERROR : 
[INFO] -------------------------------------------------------------
[ERROR] ~/Workspace/workkayys/Products/Wayang/Backend/wayang/wayang-extension/wayang-mcp-gen/src/main/java/com/example/generator/template/TemplateResource.java:[125,41] cannot find symbol
  symbol:   class CreateTemplateRequest
  location: class tech.kayys.wayang.mcp.generator.template.TemplateResource
[ERROR] ~/Workspace/workkayys/Products/Wayang/Backend/wayang/wayang-extension/wayang-mcp-gen/src/main/java/com/example/generator/template/TemplateResource.java:[159,39] cannot find symbol
  symbol:   class UpdateTemplateRequest
  location: class tech.kayys.wayang.mcp.generator.template.TemplateResource
[INFO] 2 errors 
[INFO] -------------------------------------------------------------
[INFO] ------------------------------------------------------------------------
[INFO] BUILD FAILURE
[INFO] ------------------------------------------------------------------------
[INFO] Total time:  3.267 s
[INFO] Finished at: 2026-01-10T14:58:53+07:00
[INFO] ------------------------------------------------------------------------
[ERROR] Failed to execute goal org.apache.maven.plugins:maven-compiler-plugin:3.13.0:compile (default-compile) on project wayang-mcp-gen: Compilation failure: Compilation failure: 
[ERROR] ~/Workspace/workkayys/Products/Wayang/Backend/wayang/wayang-extension/wayang-mcp-gen/src/main/java/com/example/generator/template/TemplateResource.java:[125,41] cannot find symbol
[ERROR]   symbol:   class CreateTemplateRequest
[ERROR]   location: class tech.kayys.wayang.mcp.generator.template.TemplateResource
[ERROR] ~/Workspace/workkayys/Products/Wayang/Backend/wayang/wayang-extension/wayang-mcp-gen/src/main/java/com/example/generator/template/TemplateResource.java:[159,39] cannot find symbol
[ERROR]   symbol:   class UpdateTemplateRequest
[ERROR]   location: class tech.kayys.wayang.mcp.generator.template.TemplateResource
[ERROR] -> [Help 1]
[ERROR] 
[ERROR] To see the full stack trace of the errors, re-run Maven with the -e switch.
[ERROR] Re-run Maven using the -X switch to enable full debug logging.
[ERROR] 
[ERROR] For more information about the errors and possible solutions, please read the following articles:
[ERROR] [Help 1] http://cwiki.apache.org/confluence/display/MAVEN/MojoFailureException
