[INFO] Scanning for projects...
[INFO] 
[INFO] ------------------< tech.kayys.wayang:wayang-engine >-------------------
[INFO] Building wayang-engine 1.0.0-SNAPSHOT
[INFO]   from pom.xml
[INFO] --------------------------------[ jar ]---------------------------------
[INFO] 
[INFO] --- resources:3.3.1:resources (default-resources) @ wayang-engine ---
[INFO] Copying 2 resources from src/main/resources to target/classes
[INFO] 
[INFO] --- quarkus:3.30.3:generate-code (default) @ wayang-engine ---
[INFO] [io.quarkus.grpc.codegen.GrpcCodeGen] Successfully finished generating and post-processing sources from proto files
[INFO] 
[INFO] --- compiler:3.14.1:compile (default-compile) @ wayang-engine ---
[INFO] Recompiling the module because of changed source code.
[INFO] Compiling 105 source files with javac [debug parameters release 21] to target/classes
[INFO] /Users/bhangun/Workspace/workkayys/Products/Wayang/SourceCode/wayang/wayang-engine/src/main/java/tech/kayys/wayang/model/RedisLock.java: Some input files use or override a deprecated API.
[INFO] /Users/bhangun/Workspace/workkayys/Products/Wayang/SourceCode/wayang/wayang-engine/src/main/java/tech/kayys/wayang/model/RedisLock.java: Recompile with -Xlint:deprecation for details.
[INFO] -------------------------------------------------------------
[ERROR] COMPILATION ERROR : 
[INFO] -------------------------------------------------------------
[ERROR] /Users/bhangun/Workspace/workkayys/Products/Wayang/SourceCode/wayang/wayang-engine/src/main/java/tech/kayys/wayang/domain/Workspace.java:[45,25] cannot access org.hibernate.query.BindableType
  class file for org.hibernate.query.BindableType not found
[INFO] 1 error
[INFO] -------------------------------------------------------------
[INFO] ------------------------------------------------------------------------
[INFO] BUILD FAILURE
[INFO] ------------------------------------------------------------------------
[INFO] Total time:  5.096 s
[INFO] Finished at: 2025-12-12T13:09:00+07:00
[INFO] ------------------------------------------------------------------------
[ERROR] Failed to execute goal org.apache.maven.plugins:maven-compiler-plugin:3.14.1:compile (default-compile) on project wayang-engine: Compilation failure
[ERROR] /Users/bhangun/Workspace/workkayys/Products/Wayang/SourceCode/wayang/wayang-engine/src/main/java/tech/kayys/wayang/domain/Workspace.java:[45,25] cannot access org.hibernate.query.BindableType
[ERROR]   class file for org.hibernate.query.BindableType not found
[ERROR] 
[ERROR] -> [Help 1]
[ERROR] 
[ERROR] To see the full stack trace of the errors, re-run Maven with the -e switch.
[ERROR] Re-run Maven using the -X switch to enable full debug logging.
[ERROR] 
[ERROR] For more information about the errors and possible solutions, please read the following articles:
[ERROR] [Help 1] http://cwiki.apache.org/confluence/display/MAVEN/MojoFailureException
