[INFO] Scanning for projects...
[INFO] 
[INFO] ------------------< tech.kayys.wayang:wayang-engine >-------------------
[INFO] Building wayang-engine 1.0.0-SNAPSHOT
[INFO]   from pom.xml
[INFO] --------------------------------[ jar ]---------------------------------
[INFO] 
[INFO] --- resources:3.3.1:resources (default-resources) @ wayang-engine ---
[INFO] Copying 2 resources from src/main/resources to target/classes
[INFO] 
[INFO] --- quarkus:3.30.3:generate-code (default) @ wayang-engine ---
Downloading from local-repository: file:///Users/bhangun/.m2/repository/io/quarkus/quarkus-redis-client-deployment/3.30.3/quarkus-redis-client-deployment-3.30.3.pom
Downloading from central: https://repo.maven.apache.org/maven2/io/quarkus/quarkus-redis-client-deployment/3.30.3/quarkus-redis-client-deployment-3.30.3.pom
Progress (1): 2.9 kBProgress (1): 4.8 kB                    Downloaded from central: https://repo.maven.apache.org/maven2/io/quarkus/quarkus-redis-client-deployment/3.30.3/quarkus-redis-client-deployment-3.30.3.pom (4.8 kB at 5.1 kB/s)
Downloading from local-repository: file:///Users/bhangun/.m2/repository/io/quarkus/quarkus-redis-client-deployment/3.30.3/quarkus-redis-client-deployment-3.30.3.jar
Downloading from central: https://repo.maven.apache.org/maven2/io/quarkus/quarkus-redis-client-deployment/3.30.3/quarkus-redis-client-deployment-3.30.3.jar
Progress (1): 0.9/35 kBProgress (1): 2.3/35 kBProgress (1): 3.6/35 kBProgress (1): 3.9/35 kBProgress (1): 5.3/35 kBProgress (1): 6.7/35 kBProgress (1): 8.0/35 kBProgress (1): 9.4/35 kBProgress (1): 11/35 kB Progress (1): 12/35 kBProgress (1): 14/35 kBProgress (1): 15/35 kBProgress (1): 16/35 kBProgress (1): 18/35 kBProgress (1): 19/35 kBProgress (1): 20/35 kBProgress (1): 22/35 kBProgress (1): 23/35 kBProgress (1): 24/35 kBProgress (1): 26/35 kBProgress (1): 27/35 kBProgress (1): 29/35 kBProgress (1): 30/35 kBProgress (1): 31/35 kBProgress (1): 33/35 kBProgress (1): 34/35 kBProgress (1): 35 kB                      Downloaded from central: https://repo.maven.apache.org/maven2/io/quarkus/quarkus-redis-client-deployment/3.30.3/quarkus-redis-client-deployment-3.30.3.jar (35 kB at 460 kB/s)
[INFO] [io.quarkus.grpc.codegen.GrpcCodeGen] Successfully finished generating and post-processing sources from proto files
[INFO] 
[INFO] --- compiler:3.14.1:compile (default-compile) @ wayang-engine ---
[INFO] Recompiling the module because of changed source code.
[INFO] Compiling 106 source files with javac [debug parameters release 21] to target/classes
[INFO] /Users/bhangun/Workspace/workkayys/Products/Wayang/SourceCode/wayang/wayang-engine/src/main/java/tech/kayys/wayang/model/RedisLock.java: Some input files use or override a deprecated API.
[INFO] /Users/bhangun/Workspace/workkayys/Products/Wayang/SourceCode/wayang/wayang-engine/src/main/java/tech/kayys/wayang/model/RedisLock.java: Recompile with -Xlint:deprecation for details.
[INFO] -------------------------------------------------------------
[ERROR] COMPILATION ERROR : 
[INFO] -------------------------------------------------------------
[ERROR] /Users/bhangun/Workspace/workkayys/Products/Wayang/SourceCode/wayang/wayang-engine/src/main/java/tech/kayys/wayang/service/ComprehensiveWorkflowValidator.java:[23,5] cannot find symbol
  symbol:   class PolicyEngine
  location: class tech.kayys.wayang.service.ComprehensiveWorkflowValidator
[ERROR] /Users/bhangun/Workspace/workkayys/Products/Wayang/SourceCode/wayang/wayang-engine/src/main/java/tech/kayys/wayang/service/ComprehensiveWorkflowValidator.java:[25,5] cannot find symbol
  symbol:   class Linter
  location: class tech.kayys.wayang.service.ComprehensiveWorkflowValidator
[ERROR] /Users/bhangun/Workspace/workkayys/Products/Wayang/SourceCode/wayang/wayang-engine/src/main/java/tech/kayys/wayang/domain/Workflow.java:[82,25] cannot access org.hibernate.query.BindableType
  class file for org.hibernate.query.BindableType not found
[ERROR] /Users/bhangun/Workspace/workkayys/Products/Wayang/SourceCode/wayang/wayang-engine/src/main/java/tech/kayys/wayang/common/AuditService.java:[35,31] incompatible types: java.util.concurrent.CompletableFuture<java.lang.Object> cannot be converted to io.smallrye.mutiny.Uni<java.lang.Void>
[ERROR] /Users/bhangun/Workspace/workkayys/Products/Wayang/SourceCode/wayang/wayang-engine/src/main/java/tech/kayys/wayang/service/ValidationService.java:[109,35] cannot find symbol
  symbol:   method invoke(()->{ resu[...]se; })
  location: class io.smallrye.mutiny.groups.UniOnNull<tech.kayys.wayang.client.SchemaRegistryClient.NodeSchema>
[ERROR] /Users/bhangun/Workspace/workkayys/Products/Wayang/SourceCode/wayang/wayang-engine/src/main/java/tech/kayys/wayang/service/ComprehensiveWorkflowValidator.java:[32,23] cannot find symbol
  symbol:   method validateStructure(tech.kayys.wayang.domain.Workflow)
  location: class tech.kayys.wayang.service.ComprehensiveWorkflowValidator
[ERROR] /Users/bhangun/Workspace/workkayys/Products/Wayang/SourceCode/wayang/wayang-engine/src/main/java/tech/kayys/wayang/service/ComprehensiveWorkflowValidator.java:[41,23] cannot find symbol
  symbol:   method validateTypeCompatibility(tech.kayys.wayang.domain.Workflow)
  location: class tech.kayys.wayang.service.ComprehensiveWorkflowValidator
[ERROR] /Users/bhangun/Workspace/workkayys/Products/Wayang/SourceCode/wayang/wayang-engine/src/main/java/tech/kayys/wayang/service/ComprehensiveWorkflowValidator.java:[44,23] cannot find symbol
  symbol:   method validatePolicies(tech.kayys.wayang.domain.Workflow)
  location: class tech.kayys.wayang.service.ComprehensiveWorkflowValidator
[ERROR] /Users/bhangun/Workspace/workkayys/Products/Wayang/SourceCode/wayang/wayang-engine/src/main/java/tech/kayys/wayang/service/ComprehensiveWorkflowValidator.java:[49,32] cannot find symbol
  symbol:   method builder()
  location: class tech.kayys.wayang.model.ValidationResult
[ERROR] /Users/bhangun/Workspace/workkayys/Products/Wayang/SourceCode/wayang/wayang-engine/src/main/java/tech/kayys/wayang/service/ComprehensiveWorkflowValidator.java:[59,42] cannot find symbol
  symbol:   method getDefinition()
  location: variable workflow of type tech.kayys.wayang.domain.Workflow
[ERROR] /Users/bhangun/Workspace/workkayys/Products/Wayang/SourceCode/wayang/wayang-engine/src/main/java/tech/kayys/wayang/service/ComprehensiveWorkflowValidator.java:[59,14] cannot find symbol
  symbol:   class NodeInstance
  location: class tech.kayys.wayang.service.ComprehensiveWorkflowValidator
[ERROR] /Users/bhangun/Workspace/workkayys/Products/Wayang/SourceCode/wayang/wayang-engine/src/main/java/tech/kayys/wayang/service/ComprehensiveWorkflowValidator.java:[61,22] cannot find symbol
  symbol:   class NodeDescriptor
  location: class tech.kayys.wayang.service.ComprehensiveWorkflowValidator
[ERROR] /Users/bhangun/Workspace/workkayys/Products/Wayang/SourceCode/wayang/wayang-engine/src/main/java/tech/kayys/wayang/service/ComprehensiveWorkflowValidator.java:[71,13] cannot find symbol
  symbol:   class NodeDescriptor
  location: class tech.kayys.wayang.service.ComprehensiveWorkflowValidator
[ERROR] /Users/bhangun/Workspace/workkayys/Products/Wayang/SourceCode/wayang/wayang-engine/src/main/java/tech/kayys/wayang/service/ComprehensiveWorkflowValidator.java:[88,21] cannot find symbol
  symbol:   class NodeInstance
  location: class tech.kayys.wayang.service.ComprehensiveWorkflowValidator
[ERROR] /Users/bhangun/Workspace/workkayys/Products/Wayang/SourceCode/wayang/wayang-engine/src/main/java/tech/kayys/wayang/service/ComprehensiveWorkflowValidator.java:[88,53] cannot find symbol
  symbol:   method getDefinition()
  location: variable workflow of type tech.kayys.wayang.domain.Workflow
[ERROR] /Users/bhangun/Workspace/workkayys/Products/Wayang/SourceCode/wayang/wayang-engine/src/main/java/tech/kayys/wayang/service/ComprehensiveWorkflowValidator.java:[90,43] cannot find symbol
  symbol:   variable NodeInstance
  location: class tech.kayys.wayang.service.ComprehensiveWorkflowValidator
[ERROR] /Users/bhangun/Workspace/workkayys/Products/Wayang/SourceCode/wayang/wayang-engine/src/main/java/tech/kayys/wayang/service/ComprehensiveWorkflowValidator.java:[92,34] cannot find symbol
  symbol:   method getDefinition()
  location: variable workflow of type tech.kayys.wayang.domain.Workflow
[ERROR] /Users/bhangun/Workspace/workkayys/Products/Wayang/SourceCode/wayang/wayang-engine/src/main/java/tech/kayys/wayang/service/ComprehensiveWorkflowValidator.java:[92,14] cannot find symbol
  symbol:   class Edge
  location: class tech.kayys.wayang.service.ComprehensiveWorkflowValidator
[ERROR] /Users/bhangun/Workspace/workkayys/Products/Wayang/SourceCode/wayang/wayang-engine/src/main/java/tech/kayys/wayang/service/ComprehensiveWorkflowValidator.java:[112,13] cannot find symbol
  symbol:   class NodeInstance
  location: class tech.kayys.wayang.service.ComprehensiveWorkflowValidator
[ERROR] /Users/bhangun/Workspace/workkayys/Products/Wayang/SourceCode/wayang/wayang-engine/src/main/java/tech/kayys/wayang/service/ComprehensiveWorkflowValidator.java:[113,13] cannot find symbol
  symbol:   class NodeInstance
  location: class tech.kayys.wayang.service.ComprehensiveWorkflowValidator
[INFO] 20 errors 
[INFO] -------------------------------------------------------------
[INFO] ------------------------------------------------------------------------
[INFO] BUILD FAILURE
[INFO] ------------------------------------------------------------------------
[INFO] Total time:  6.038 s
[INFO] Finished at: 2025-12-12T11:22:33+07:00
[INFO] ------------------------------------------------------------------------
[ERROR] Failed to execute goal org.apache.maven.plugins:maven-compiler-plugin:3.14.1:compile (default-compile) on project wayang-engine: Compilation failure: Compilation failure: 
[ERROR] /Users/bhangun/Workspace/workkayys/Products/Wayang/SourceCode/wayang/wayang-engine/src/main/java/tech/kayys/wayang/service/ComprehensiveWorkflowValidator.java:[23,5] cannot find symbol
[ERROR]   symbol:   class PolicyEngine
[ERROR]   location: class tech.kayys.wayang.service.ComprehensiveWorkflowValidator
[ERROR] /Users/bhangun/Workspace/workkayys/Products/Wayang/SourceCode/wayang/wayang-engine/src/main/java/tech/kayys/wayang/service/ComprehensiveWorkflowValidator.java:[25,5] cannot find symbol
[ERROR]   symbol:   class Linter
[ERROR]   location: class tech.kayys.wayang.service.ComprehensiveWorkflowValidator
[ERROR] /Users/bhangun/Workspace/workkayys/Products/Wayang/SourceCode/wayang/wayang-engine/src/main/java/tech/kayys/wayang/domain/Workflow.java:[82,25] cannot access org.hibernate.query.BindableType
[ERROR]   class file for org.hibernate.query.BindableType not found
[ERROR] /Users/bhangun/Workspace/workkayys/Products/Wayang/SourceCode/wayang/wayang-engine/src/main/java/tech/kayys/wayang/common/AuditService.java:[35,31] incompatible types: java.util.concurrent.CompletableFuture<java.lang.Object> cannot be converted to io.smallrye.mutiny.Uni<java.lang.Void>
[ERROR] /Users/bhangun/Workspace/workkayys/Products/Wayang/SourceCode/wayang/wayang-engine/src/main/java/tech/kayys/wayang/service/ValidationService.java:[109,35] cannot find symbol
[ERROR]   symbol:   method invoke(()->{ resu[...]se; })
[ERROR]   location: class io.smallrye.mutiny.groups.UniOnNull<tech.kayys.wayang.client.SchemaRegistryClient.NodeSchema>
[ERROR] /Users/bhangun/Workspace/workkayys/Products/Wayang/SourceCode/wayang/wayang-engine/src/main/java/tech/kayys/wayang/service/ComprehensiveWorkflowValidator.java:[32,23] cannot find symbol
[ERROR]   symbol:   method validateStructure(tech.kayys.wayang.domain.Workflow)
[ERROR]   location: class tech.kayys.wayang.service.ComprehensiveWorkflowValidator
[ERROR] /Users/bhangun/Workspace/workkayys/Products/Wayang/SourceCode/wayang/wayang-engine/src/main/java/tech/kayys/wayang/service/ComprehensiveWorkflowValidator.java:[41,23] cannot find symbol
[ERROR]   symbol:   method validateTypeCompatibility(tech.kayys.wayang.domain.Workflow)
[ERROR]   location: class tech.kayys.wayang.service.ComprehensiveWorkflowValidator
[ERROR] /Users/bhangun/Workspace/workkayys/Products/Wayang/SourceCode/wayang/wayang-engine/src/main/java/tech/kayys/wayang/service/ComprehensiveWorkflowValidator.java:[44,23] cannot find symbol
[ERROR]   symbol:   method validatePolicies(tech.kayys.wayang.domain.Workflow)
[ERROR]   location: class tech.kayys.wayang.service.ComprehensiveWorkflowValidator
[ERROR] /Users/bhangun/Workspace/workkayys/Products/Wayang/SourceCode/wayang/wayang-engine/src/main/java/tech/kayys/wayang/service/ComprehensiveWorkflowValidator.java:[49,32] cannot find symbol
[ERROR]   symbol:   method builder()
[ERROR]   location: class tech.kayys.wayang.model.ValidationResult
[ERROR] /Users/bhangun/Workspace/workkayys/Products/Wayang/SourceCode/wayang/wayang-engine/src/main/java/tech/kayys/wayang/service/ComprehensiveWorkflowValidator.java:[59,42] cannot find symbol
[ERROR]   symbol:   method getDefinition()
[ERROR]   location: variable workflow of type tech.kayys.wayang.domain.Workflow
[ERROR] /Users/bhangun/Workspace/workkayys/Products/Wayang/SourceCode/wayang/wayang-engine/src/main/java/tech/kayys/wayang/service/ComprehensiveWorkflowValidator.java:[59,14] cannot find symbol
[ERROR]   symbol:   class NodeInstance
[ERROR]   location: class tech.kayys.wayang.service.ComprehensiveWorkflowValidator
[ERROR] /Users/bhangun/Workspace/workkayys/Products/Wayang/SourceCode/wayang/wayang-engine/src/main/java/tech/kayys/wayang/service/ComprehensiveWorkflowValidator.java:[61,22] cannot find symbol
[ERROR]   symbol:   class NodeDescriptor
[ERROR]   location: class tech.kayys.wayang.service.ComprehensiveWorkflowValidator
[ERROR] /Users/bhangun/Workspace/workkayys/Products/Wayang/SourceCode/wayang/wayang-engine/src/main/java/tech/kayys/wayang/service/ComprehensiveWorkflowValidator.java:[71,13] cannot find symbol
[ERROR]   symbol:   class NodeDescriptor
[ERROR]   location: class tech.kayys.wayang.service.ComprehensiveWorkflowValidator
[ERROR] /Users/bhangun/Workspace/workkayys/Products/Wayang/SourceCode/wayang/wayang-engine/src/main/java/tech/kayys/wayang/service/ComprehensiveWorkflowValidator.java:[88,21] cannot find symbol
[ERROR]   symbol:   class NodeInstance
[ERROR]   location: class tech.kayys.wayang.service.ComprehensiveWorkflowValidator
[ERROR] /Users/bhangun/Workspace/workkayys/Products/Wayang/SourceCode/wayang/wayang-engine/src/main/java/tech/kayys/wayang/service/ComprehensiveWorkflowValidator.java:[88,53] cannot find symbol
[ERROR]   symbol:   method getDefinition()
[ERROR]   location: variable workflow of type tech.kayys.wayang.domain.Workflow
[ERROR] /Users/bhangun/Workspace/workkayys/Products/Wayang/SourceCode/wayang/wayang-engine/src/main/java/tech/kayys/wayang/service/ComprehensiveWorkflowValidator.java:[90,43] cannot find symbol
[ERROR]   symbol:   variable NodeInstance
[ERROR]   location: class tech.kayys.wayang.service.ComprehensiveWorkflowValidator
[ERROR] /Users/bhangun/Workspace/workkayys/Products/Wayang/SourceCode/wayang/wayang-engine/src/main/java/tech/kayys/wayang/service/ComprehensiveWorkflowValidator.java:[92,34] cannot find symbol
[ERROR]   symbol:   method getDefinition()
[ERROR]   location: variable workflow of type tech.kayys.wayang.domain.Workflow
[ERROR] /Users/bhangun/Workspace/workkayys/Products/Wayang/SourceCode/wayang/wayang-engine/src/main/java/tech/kayys/wayang/service/ComprehensiveWorkflowValidator.java:[92,14] cannot find symbol
[ERROR]   symbol:   class Edge
[ERROR]   location: class tech.kayys.wayang.service.ComprehensiveWorkflowValidator
[ERROR] /Users/bhangun/Workspace/workkayys/Products/Wayang/SourceCode/wayang/wayang-engine/src/main/java/tech/kayys/wayang/service/ComprehensiveWorkflowValidator.java:[112,13] cannot find symbol
[ERROR]   symbol:   class NodeInstance
[ERROR]   location: class tech.kayys.wayang.service.ComprehensiveWorkflowValidator
[ERROR] /Users/bhangun/Workspace/workkayys/Products/Wayang/SourceCode/wayang/wayang-engine/src/main/java/tech/kayys/wayang/service/ComprehensiveWorkflowValidator.java:[113,13] cannot find symbol
[ERROR]   symbol:   class NodeInstance
[ERROR]   location: class tech.kayys.wayang.service.ComprehensiveWorkflowValidator
[ERROR] -> [Help 1]
[ERROR] 
[ERROR] To see the full stack trace of the errors, re-run Maven with the -e switch.
[ERROR] Re-run Maven using the -X switch to enable full debug logging.
[ERROR] 
[ERROR] For more information about the errors and possible solutions, please read the following articles:
[ERROR] [Help 1] http://cwiki.apache.org/confluence/display/MAVEN/MojoFailureException
